Performing C++ SOURCE FILE Test CMAKE_HAVE_LIBC_PTHREAD failed with the following output:
Change Dir: /home/lyj/lyjns3/ns3bbr/ns-allinone-3.36.1/ns-3.36.1/cmake-cache/CMakeFiles/CMakeTmp

Run Build Command(s):/usr/bin/ninja cmTC_2c333 && [1/2] Building CXX object CMakeFiles/cmTC_2c333.dir/src.cxx.o
[2/2] Linking CXX executable cmTC_2c333
FAILED: cmTC_2c333 
: && /usr/bin/c++  -DCMAKE_HAVE_LIBC_PTHREAD   CMakeFiles/cmTC_2c333.dir/src.cxx.o  -o cmTC_2c333   && :
/usr/bin/ld: CMakeFiles/cmTC_2c333.dir/src.cxx.o: in function `main':
src.cxx:(.text+0x46): undefined reference to `pthread_create'
/usr/bin/ld: src.cxx:(.text+0x52): undefined reference to `pthread_detach'
/usr/bin/ld: src.cxx:(.text+0x63): undefined reference to `pthread_join'
collect2: error: ld returned 1 exit status
ninja: build stopped: subcommand failed.


Source file was:
#include <pthread.h>

void* test_func(void* data)
{
  return data;
}

int main(void)
{
  pthread_t thread;
  pthread_create(&thread, NULL, test_func, NULL);
  pthread_detach(thread);
  pthread_join(thread, NULL);
  pthread_atfork(NULL, NULL, NULL);
  pthread_exit(NULL);

  return 0;
}

Determining if the function pthread_create exists in the pthreads failed with the following output:
Change Dir: /home/lyj/lyjns3/ns3bbr/ns-allinone-3.36.1/ns-3.36.1/cmake-cache/CMakeFiles/CMakeTmp

Run Build Command(s):/usr/bin/ninja cmTC_bb1a7 && [1/2] Building CXX object CMakeFiles/cmTC_bb1a7.dir/CheckFunctionExists.cxx.o
[2/2] Linking CXX executable cmTC_bb1a7
FAILED: cmTC_bb1a7 
: && /usr/bin/c++  -DCHECK_FUNCTION_EXISTS=pthread_create   CMakeFiles/cmTC_bb1a7.dir/CheckFunctionExists.cxx.o  -o cmTC_bb1a7  -lpthreads && :
/usr/bin/ld: 找不到 -lpthreads
collect2: error: ld returned 1 exit status
ninja: build stopped: subcommand failed.



Performing C++ SOURCE FILE Test HAVE_UINT128_T failed with the following output:
Change Dir: /home/lyj/lyjns3/ns3bbr/ns-allinone-3.36.1/ns-3.36.1/cmake-cache/CMakeFiles/CMakeTmp

Run Build Command(s):/usr/bin/ninja cmTC_d7168 && [1/2] Building CXX object CMakeFiles/cmTC_d7168.dir/src.cxx.o
FAILED: CMakeFiles/cmTC_d7168.dir/src.cxx.o 
/usr/bin/c++    -DHAVE_UINT128_T -fPIE   -std=gnu++17 -o CMakeFiles/cmTC_d7168.dir/src.cxx.o -c src.cxx
src.cxx: In function ‘int main(int, char**)’:
src.cxx:5:18: error: ‘uint128_t’ was not declared in this scope; did you mean ‘uint32_t’?
    5 |             if ((uint128_t *) 0) return 0;
      |                  ^~~~~~~~~
      |                  uint32_t
src.cxx:5:29: error: expected primary-expression before ‘)’ token
    5 |             if ((uint128_t *) 0) return 0;
      |                             ^
src.cxx:5:30: error: expected ‘)’ before numeric constant
    5 |             if ((uint128_t *) 0) return 0;
      |                ~             ^~
      |                              )
src.cxx:6:25: error: ‘uint128_t’ was not declared in this scope; did you mean ‘uint32_t’?
    6 |             if (sizeof (uint128_t)) return 0;
      |                         ^~~~~~~~~
      |                         uint32_t
ninja: build stopped: subcommand failed.


Source file was:
#include <stdint.h>
       int main(int argc, char **argv)
         {
            (void)argc; (void)argv;
            if ((uint128_t *) 0) return 0;
            if (sizeof (uint128_t)) return 0;
            return 1;
         }
Determining if files boost/units/quantity.hpp;boost/units/systems/si.hpp exist failed with the following output:
Change Dir: /home/lyj/lyjns3/ns3bbr/ns-allinone-3.36.1/ns-3.36.1/cmake-cache/CMakeFiles/CMakeTmp

Run Build Command(s):/usr/bin/ninja cmTC_bd95b && [1/2] Building CXX object CMakeFiles/cmTC_bd95b.dir/HAVE_BOOST_UNITS.cpp.o
FAILED: CMakeFiles/cmTC_bd95b.dir/HAVE_BOOST_UNITS.cpp.o 
/usr/bin/c++    -fPIE   -std=gnu++17 -o CMakeFiles/cmTC_bd95b.dir/HAVE_BOOST_UNITS.cpp.o -c /home/lyj/lyjns3/ns3bbr/ns-allinone-3.36.1/ns-3.36.1/cmake-cache/CMakeFiles/CheckIncludeFiles/HAVE_BOOST_UNITS.cpp
/home/lyj/lyjns3/ns3bbr/ns-allinone-3.36.1/ns-3.36.1/cmake-cache/CMakeFiles/CheckIncludeFiles/HAVE_BOOST_UNITS.cpp:2:10: fatal error: boost/units/quantity.hpp: 没有那个文件或目录
    2 | #include <boost/units/quantity.hpp>
      |          ^~~~~~~~~~~~~~~~~~~~~~~~~~
compilation terminated.
ninja: build stopped: subcommand failed.


Source:
/* */
#include <boost/units/quantity.hpp>
#include <boost/units/systems/si.hpp>


int main(void){return 0;}

Determining if the include file net/netmap_user.h exists failed with the following output:
Change Dir: /home/lyj/lyjns3/ns3bbr/ns-allinone-3.36.1/ns-3.36.1/cmake-cache/CMakeFiles/CMakeTmp

Run Build Command(s):/usr/bin/ninja cmTC_b8bb9 && [1/2] Building CXX object CMakeFiles/cmTC_b8bb9.dir/CheckIncludeFile.cxx.o
FAILED: CMakeFiles/cmTC_b8bb9.dir/CheckIncludeFile.cxx.o 
/usr/bin/c++    -fPIE   -std=gnu++17 -o CMakeFiles/cmTC_b8bb9.dir/CheckIncludeFile.cxx.o -c CheckIncludeFile.cxx
CheckIncludeFile.cxx:1:10: fatal error: net/netmap_user.h: 没有那个文件或目录
    1 | #include <net/netmap_user.h>
      |          ^~~~~~~~~~~~~~~~~~~
compilation terminated.
ninja: build stopped: subcommand failed.



